Build started 8/4/2015 12:38:53 AM.
     1>Project "C:\Programming\ApplicationFramework\ApplicationFramework\ApplicationFramework.vcxproj" on node 2 (build target(s)).
     1>InitializeBuildStatus:
         Creating "Debug\ApplicationFramework.unsuccessfulbuild" because "AlwaysCreate" was specified.
       GenerateTargetFrameworkMonikerAttribute:
       Skipping target "GenerateTargetFrameworkMonikerAttribute" because all output files are up-to-date with respect to the input files.
       ClCompile:
         All outputs are up-to-date.
         C:\Program Files\Microsoft Visual Studio 10.0\VC\bin\CL.exe /c /I"C:\opengl-wrappers\soil\lib" /IC:\Programming\ApplicationFramework\ApplicationFramework\Lib\soil\lib /I"C:\opengl-wrappers\glfw\include" /I"C:\opengl-wrappers\glew\include" /AI"C:\Program Files\Reference Assemblies\Microsoft\Framework\.NETFramework\v4.0" /Zi /clr /nologo /W3 /WX- /Od /Oy- /D WIN32 /D _DEBUG /D _CONSOLE /D _LIB /D GLEW_STATIC /D _UNICODE /D UNICODE /EHa /MDd /GS /fp:precise /Zc:wchar_t /Zc:forScope /Yu"StdAfx.h" /Fp"Debug\ApplicationFramework.pch" /Fo"Debug\\" /Fd"Debug\vc100.pdb" /TP /FU"C:\Program Files\Reference Assemblies\Microsoft\Framework\.NETFramework\v4.0\System.Core.dll" /FU"C:\Program Files\Reference Assemblies\Microsoft\Framework\.NETFramework\v4.0\System.Data.dll" /FU"C:\Program Files\Reference Assemblies\Microsoft\Framework\.NETFramework\v4.0\System.dll" /FU"C:\Program Files\Reference Assemblies\Microsoft\Framework\.NETFramework\v4.0\System.Drawing.dll" /FU"C:\Program Files\Reference Assemblies\Microsoft\Framework\.NETFramework\v4.0\System.Windows.Forms.dll" /FU"C:\Program Files\Reference Assemblies\Microsoft\Framework\.NETFramework\v4.0\System.Xml.dll" /analyze- /errorReport:prompt Source\ModelManager.cpp /clr:nostdlib 
         ModelManager.cpp
     1>Source\ModelManager.cpp(379): warning C4244: 'initializing' : conversion from 'double' to 'GLfloat', possible loss of data
     1>Source\ModelManager.cpp(380): warning C4244: 'initializing' : conversion from 'double' to 'GLfloat', possible loss of data
     1>Source\ModelManager.cpp(380): warning C4244: 'initializing' : conversion from 'double' to 'GLfloat', possible loss of data
     1>Source\ModelManager.cpp(381): warning C4244: 'initializing' : conversion from 'double' to 'GLfloat', possible loss of data
     1>Source\ModelManager.cpp(381): warning C4244: 'initializing' : conversion from 'double' to 'GLfloat', possible loss of data
     1>Source\ModelManager.cpp(381): warning C4244: 'initializing' : conversion from 'double' to 'GLfloat', possible loss of data
     1>Source\ModelManager.cpp(382): warning C4244: 'initializing' : conversion from 'double' to 'GLfloat', possible loss of data
     1>Source\ModelManager.cpp(382): warning C4244: 'initializing' : conversion from 'double' to 'GLfloat', possible loss of data
     1>Source\ModelManager.cpp(382): warning C4244: 'initializing' : conversion from 'double' to 'GLfloat', possible loss of data
     1>Source\ModelManager.cpp(383): warning C4244: 'initializing' : conversion from 'double' to 'GLfloat', possible loss of data
     1>Source\ModelManager.cpp(383): warning C4244: 'initializing' : conversion from 'double' to 'GLfloat', possible loss of data
     1>Source\ModelManager.cpp(383): warning C4244: 'initializing' : conversion from 'double' to 'GLfloat', possible loss of data
     1>Source\ModelManager.cpp(384): warning C4244: 'initializing' : conversion from 'double' to 'GLfloat', possible loss of data
     1>Source\ModelManager.cpp(384): warning C4244: 'initializing' : conversion from 'double' to 'GLfloat', possible loss of data
     1>Source\ModelManager.cpp(384): warning C4244: 'initializing' : conversion from 'double' to 'GLfloat', possible loss of data
     1>Source\ModelManager.cpp(385): warning C4244: 'initializing' : conversion from 'double' to 'GLfloat', possible loss of data
     1>Source\ModelManager.cpp(385): warning C4244: 'initializing' : conversion from 'double' to 'GLfloat', possible loss of data
     1>Source\ModelManager.cpp(386): warning C4244: 'initializing' : conversion from 'double' to 'GLfloat', possible loss of data
     1>Source\ModelManager.cpp(386): warning C4244: 'initializing' : conversion from 'double' to 'GLfloat', possible loss of data
     1>Source\ModelManager.cpp(386): warning C4244: 'initializing' : conversion from 'double' to 'GLfloat', possible loss of data
     1>Source\ModelManager.cpp(387): warning C4244: 'initializing' : conversion from 'double' to 'GLfloat', possible loss of data
     1>Source\ModelManager.cpp(387): warning C4244: 'initializing' : conversion from 'double' to 'GLfloat', possible loss of data
     1>Source\ModelManager.cpp(387): warning C4244: 'initializing' : conversion from 'double' to 'GLfloat', possible loss of data
     1>Source\ModelManager.cpp(388): warning C4244: 'initializing' : conversion from 'double' to 'GLfloat', possible loss of data
     1>Source\ModelManager.cpp(388): warning C4244: 'initializing' : conversion from 'double' to 'GLfloat', possible loss of data
     1>Source\ModelManager.cpp(388): warning C4244: 'initializing' : conversion from 'double' to 'GLfloat', possible loss of data
     1>Source\ModelManager.cpp(389): warning C4244: 'initializing' : conversion from 'double' to 'GLfloat', possible loss of data
     1>Source\ModelManager.cpp(389): warning C4244: 'initializing' : conversion from 'double' to 'GLfloat', possible loss of data
     1>Source\ModelManager.cpp(389): warning C4244: 'initializing' : conversion from 'double' to 'GLfloat', possible loss of data
     1>Source\ModelManager.cpp(390): warning C4244: 'initializing' : conversion from 'double' to 'GLfloat', possible loss of data
     1>Source\ModelManager.cpp(390): warning C4244: 'initializing' : conversion from 'double' to 'GLfloat', possible loss of data
     1>Source\ModelManager.cpp(391): warning C4244: 'initializing' : conversion from 'double' to 'GLfloat', possible loss of data
     1>Source\ModelManager.cpp(391): warning C4244: 'initializing' : conversion from 'double' to 'GLfloat', possible loss of data
     1>Source\ModelManager.cpp(391): warning C4244: 'initializing' : conversion from 'double' to 'GLfloat', possible loss of data
     1>Source\ModelManager.cpp(392): warning C4244: 'initializing' : conversion from 'double' to 'GLfloat', possible loss of data
     1>Source\ModelManager.cpp(392): warning C4244: 'initializing' : conversion from 'double' to 'GLfloat', possible loss of data
     1>Source\ModelManager.cpp(392): warning C4244: 'initializing' : conversion from 'double' to 'GLfloat', possible loss of data
     1>Source\ModelManager.cpp(393): warning C4244: 'initializing' : conversion from 'double' to 'GLfloat', possible loss of data
     1>Source\ModelManager.cpp(393): warning C4244: 'initializing' : conversion from 'double' to 'GLfloat', possible loss of data
     1>Source\ModelManager.cpp(393): warning C4244: 'initializing' : conversion from 'double' to 'GLfloat', possible loss of data
     1>Source\ModelManager.cpp(394): warning C4244: 'initializing' : conversion from 'double' to 'GLfloat', possible loss of data
     1>Source\ModelManager.cpp(394): warning C4244: 'initializing' : conversion from 'double' to 'GLfloat', possible loss of data
     1>Source\ModelManager.cpp(394): warning C4244: 'initializing' : conversion from 'double' to 'GLfloat', possible loss of data
     1>Source\ModelManager.cpp(395): warning C4244: 'initializing' : conversion from 'double' to 'GLfloat', possible loss of data
     1>Source\ModelManager.cpp(395): warning C4244: 'initializing' : conversion from 'double' to 'GLfloat', possible loss of data
     1>Source\ModelManager.cpp(396): warning C4244: 'initializing' : conversion from 'double' to 'GLfloat', possible loss of data
     1>Source\ModelManager.cpp(396): warning C4244: 'initializing' : conversion from 'double' to 'GLfloat', possible loss of data
     1>Source\ModelManager.cpp(396): warning C4244: 'initializing' : conversion from 'double' to 'GLfloat', possible loss of data
     1>Source\ModelManager.cpp(397): warning C4244: 'initializing' : conversion from 'double' to 'GLfloat', possible loss of data
     1>Source\ModelManager.cpp(397): warning C4244: 'initializing' : conversion from 'double' to 'GLfloat', possible loss of data
     1>Source\ModelManager.cpp(397): warning C4244: 'initializing' : conversion from 'double' to 'GLfloat', possible loss of data
     1>Source\ModelManager.cpp(398): warning C4244: 'initializing' : conversion from 'double' to 'GLfloat', possible loss of data
     1>Source\ModelManager.cpp(398): warning C4244: 'initializing' : conversion from 'double' to 'GLfloat', possible loss of data
     1>Source\ModelManager.cpp(398): warning C4244: 'initializing' : conversion from 'double' to 'GLfloat', possible loss of data
     1>Source\ModelManager.cpp(399): warning C4244: 'initializing' : conversion from 'double' to 'GLfloat', possible loss of data
     1>Source\ModelManager.cpp(399): warning C4244: 'initializing' : conversion from 'double' to 'GLfloat', possible loss of data
     1>Source\ModelManager.cpp(399): warning C4244: 'initializing' : conversion from 'double' to 'GLfloat', possible loss of data
     1>Source\ModelManager.cpp(402): warning C4244: 'initializing' : conversion from 'double' to 'GLfloat', possible loss of data
     1>Source\ModelManager.cpp(403): warning C4244: 'initializing' : conversion from 'double' to 'GLfloat', possible loss of data
     1>Source\ModelManager.cpp(403): warning C4244: 'initializing' : conversion from 'double' to 'GLfloat', possible loss of data
     1>Source\ModelManager.cpp(404): warning C4244: 'initializing' : conversion from 'double' to 'GLfloat', possible loss of data
     1>Source\ModelManager.cpp(404): warning C4244: 'initializing' : conversion from 'double' to 'GLfloat', possible loss of data
     1>Source\ModelManager.cpp(404): warning C4244: 'initializing' : conversion from 'double' to 'GLfloat', possible loss of data
     1>Source\ModelManager.cpp(405): warning C4244: 'initializing' : conversion from 'double' to 'GLfloat', possible loss of data
     1>Source\ModelManager.cpp(405): warning C4244: 'initializing' : conversion from 'double' to 'GLfloat', possible loss of data
     1>Source\ModelManager.cpp(405): warning C4244: 'initializing' : conversion from 'double' to 'GLfloat', possible loss of data
     1>Source\ModelManager.cpp(406): warning C4244: 'initializing' : conversion from 'double' to 'GLfloat', possible loss of data
     1>Source\ModelManager.cpp(406): warning C4244: 'initializing' : conversion from 'double' to 'GLfloat', possible loss of data
     1>Source\ModelManager.cpp(406): warning C4244: 'initializing' : conversion from 'double' to 'GLfloat', possible loss of data
     1>Source\ModelManager.cpp(407): warning C4244: 'initializing' : conversion from 'double' to 'GLfloat', possible loss of data
     1>Source\ModelManager.cpp(407): warning C4244: 'initializing' : conversion from 'double' to 'GLfloat', possible loss of data
     1>Source\ModelManager.cpp(407): warning C4244: 'initializing' : conversion from 'double' to 'GLfloat', possible loss of data
     1>Source\ModelManager.cpp(408): warning C4244: 'initializing' : conversion from 'double' to 'GLfloat', possible loss of data
     1>Source\ModelManager.cpp(408): warning C4244: 'initializing' : conversion from 'double' to 'GLfloat', possible loss of data
     1>Source\ModelManager.cpp(409): warning C4244: 'initializing' : conversion from 'double' to 'GLfloat', possible loss of data
     1>Source\ModelManager.cpp(409): warning C4244: 'initializing' : conversion from 'double' to 'GLfloat', possible loss of data
     1>Source\ModelManager.cpp(409): warning C4244: 'initializing' : conversion from 'double' to 'GLfloat', possible loss of data
     1>Source\ModelManager.cpp(410): warning C4244: 'initializing' : conversion from 'double' to 'GLfloat', possible loss of data
     1>Source\ModelManager.cpp(410): warning C4244: 'initializing' : conversion from 'double' to 'GLfloat', possible loss of data
     1>Source\ModelManager.cpp(410): warning C4244: 'initializing' : conversion from 'double' to 'GLfloat', possible loss of data
     1>Source\ModelManager.cpp(411): warning C4244: 'initializing' : conversion from 'double' to 'GLfloat', possible loss of data
     1>Source\ModelManager.cpp(411): warning C4244: 'initializing' : conversion from 'double' to 'GLfloat', possible loss of data
     1>Source\ModelManager.cpp(411): warning C4244: 'initializing' : conversion from 'double' to 'GLfloat', possible loss of data
     1>Source\ModelManager.cpp(412): warning C4244: 'initializing' : conversion from 'double' to 'GLfloat', possible loss of data
     1>Source\ModelManager.cpp(412): warning C4244: 'initializing' : conversion from 'double' to 'GLfloat', possible loss of data
     1>Source\ModelManager.cpp(412): warning C4244: 'initializing' : conversion from 'double' to 'GLfloat', possible loss of data
     1>Source\ModelManager.cpp(413): warning C4244: 'initializing' : conversion from 'double' to 'GLfloat', possible loss of data
     1>Source\ModelManager.cpp(413): warning C4244: 'initializing' : conversion from 'double' to 'GLfloat', possible loss of data
     1>Source\ModelManager.cpp(414): warning C4244: 'initializing' : conversion from 'double' to 'GLfloat', possible loss of data
     1>Source\ModelManager.cpp(414): warning C4244: 'initializing' : conversion from 'double' to 'GLfloat', possible loss of data
     1>Source\ModelManager.cpp(414): warning C4244: 'initializing' : conversion from 'double' to 'GLfloat', possible loss of data
     1>Source\ModelManager.cpp(415): warning C4244: 'initializing' : conversion from 'double' to 'GLfloat', possible loss of data
     1>Source\ModelManager.cpp(415): warning C4244: 'initializing' : conversion from 'double' to 'GLfloat', possible loss of data
     1>Source\ModelManager.cpp(415): warning C4244: 'initializing' : conversion from 'double' to 'GLfloat', possible loss of data
     1>Source\ModelManager.cpp(416): warning C4244: 'initializing' : conversion from 'double' to 'GLfloat', possible loss of data
     1>Source\ModelManager.cpp(416): warning C4244: 'initializing' : conversion from 'double' to 'GLfloat', possible loss of data
     1>Source\ModelManager.cpp(416): warning C4244: 'initializing' : conversion from 'double' to 'GLfloat', possible loss of data
     1>Source\ModelManager.cpp(417): warning C4244: 'initializing' : conversion from 'double' to 'GLfloat', possible loss of data
     1>Source\ModelManager.cpp(417): warning C4244: 'initializing' : conversion from 'double' to 'GLfloat', possible loss of data
     1>Source\ModelManager.cpp(417): warning C4244: 'initializing' : conversion from 'double' to 'GLfloat', possible loss of data
     1>Source\ModelManager.cpp(418): warning C4244: 'initializing' : conversion from 'double' to 'GLfloat', possible loss of data
     1>Source\ModelManager.cpp(418): warning C4244: 'initializing' : conversion from 'double' to 'GLfloat', possible loss of data
     1>Source\ModelManager.cpp(419): warning C4244: 'initializing' : conversion from 'double' to 'GLfloat', possible loss of data
     1>Source\ModelManager.cpp(419): warning C4244: 'initializing' : conversion from 'double' to 'GLfloat', possible loss of data
     1>Source\ModelManager.cpp(419): warning C4244: 'initializing' : conversion from 'double' to 'GLfloat', possible loss of data
     1>Source\ModelManager.cpp(420): warning C4244: 'initializing' : conversion from 'double' to 'GLfloat', possible loss of data
     1>Source\ModelManager.cpp(420): warning C4244: 'initializing' : conversion from 'double' to 'GLfloat', possible loss of data
     1>Source\ModelManager.cpp(420): warning C4244: 'initializing' : conversion from 'double' to 'GLfloat', possible loss of data
     1>Source\ModelManager.cpp(421): warning C4244: 'initializing' : conversion from 'double' to 'GLfloat', possible loss of data
     1>Source\ModelManager.cpp(421): warning C4244: 'initializing' : conversion from 'double' to 'GLfloat', possible loss of data
     1>Source\ModelManager.cpp(421): warning C4244: 'initializing' : conversion from 'double' to 'GLfloat', possible loss of data
     1>Source\ModelManager.cpp(422): warning C4244: 'initializing' : conversion from 'double' to 'GLfloat', possible loss of data
     1>Source\ModelManager.cpp(422): warning C4244: 'initializing' : conversion from 'double' to 'GLfloat', possible loss of data
     1>Source\ModelManager.cpp(422): warning C4244: 'initializing' : conversion from 'double' to 'GLfloat', possible loss of data
         All outputs are up-to-date.
       ResourceCompile:
         All outputs are up-to-date.
       Link:
         C:\Program Files\Microsoft Visual Studio 10.0\VC\bin\link.exe /ERRORREPORT:PROMPT /OUT:"C:\Programming\ApplicationFramework\Debug\ApplicationFramework.exe" /INCREMENTAL /NOLOGO /LIBPATH:"C:\opengl-wrappers\glfw\lib" /LIBPATH:"C:\opengl-wrappers\glew\lib\Release\Win32" /LIBPATH:"C:\opengl-wrappers\soil\lib" /WX:NO opengl32.lib glu32.lib glew32s.lib glfw3.lib SOIL.lib kernel32.lib user32.lib gdi32.lib winspool.lib comdlg32.lib advapi32.lib shell32.lib ole32.lib oleaut32.lib uuid.lib odbc32.lib odbccp32.lib /NODEFAULTLIB:LIBCMT.lib /MANIFEST /ManifestFile:"Debug\ApplicationFramework.exe.intermediate.manifest" /MANIFESTUAC:"level='asInvoker' uiAccess='false'" /DEBUG /PDB:"C:\Programming\ApplicationFramework\Debug\ApplicationFramework.pdb" /ASSEMBLYDEBUG /TLBID:1 /DYNAMICBASE /FIXED:NO /NXCOMPAT /MACHINE:X86 Debug\app.res
         Debug\AssemblyInfo.obj
         Debug\ApplicationFramework.obj
         Debug\AppWindow.obj
         Debug\Cursor.obj
         Debug\DrawingShapes.obj
         Debug\GraphicsManager.obj
         Debug\LogManager.obj
         Debug\Main.obj
         Debug\Mesh.obj
         Debug\ModelManager.obj
         Debug\Shader.obj
         Debug\ShaderManager.obj
         Debug\WindowManager.obj
         Debug\stdafx.obj
         "Debug\.NETFramework,Version=v4.0.AssemblyAttributes.obj"
     1>SOIL.lib(SOIL.obj) : warning LNK4075: ignoring '/EDITANDCONTINUE' due to '/INCREMENTAL:NO' specification
     1>GraphicsManager.obj : warning LNK4248: unresolved typeref token (01000017) for 'GLFWwindow'; image may not run
     1>GraphicsManager.obj : warning LNK4248: unresolved typeref token (0100001C) for 'GLFWmonitor'; image may not run
     1>glew32s.lib(glew.obj) : warning LNK4099: PDB 'vc120.pdb' was not found with 'glew32s.lib(glew.obj)' or at 'C:\Programming\ApplicationFramework\Debug\vc120.pdb'; linking object as if no debug info
         ApplicationFramework.vcxproj -> C:\Programming\ApplicationFramework\Debug\ApplicationFramework.exe
       Manifest:
         C:\Program Files\Microsoft SDKs\Windows\v7.0A\bin\mt.exe /nologo /verbose /outputresource:"C:\Programming\ApplicationFramework\Debug\ApplicationFramework.exe;#1" /manifest Debug\ApplicationFramework.exe.intermediate.manifest
       FinalizeBuildStatus:
         Deleting file "Debug\ApplicationFramework.unsuccessfulbuild".
         Touching "Debug\ApplicationFramework.lastbuildstate".
     1>Done Building Project "C:\Programming\ApplicationFramework\ApplicationFramework\ApplicationFramework.vcxproj" (build target(s)).

Build succeeded.

Time Elapsed 00:00:44.84
